<?xml version="1.0" encoding="UTF-8"?>
<testsuite xmlns:xsi="http://www.w3.org/2001/XMLSchema-instance" xsi:noNamespaceSchemaLocation="https://maven.apache.org/surefire/maven-surefire-plugin/xsd/surefire-test-report-3.0.xsd" version="3.0" name="qaclickacademy.Mavenjava.AppiumTest" time="0.594" tests="2" errors="0" skipped="0" failures="0">
  <properties>
    <property name="java.specification.version" value="14"/>
    <property name="sun.cpu.isalist" value="amd64"/>
    <property name="sun.jnu.encoding" value="Cp1252"/>
    <property name="java.class.path" value="C:\Users\Tatiana Varlamova\eclipse-workspaceNew\Mavenjava\target\test-classes;C:\Users\Tatiana Varlamova\eclipse-workspaceNew\Mavenjava\target\classes;C:\Users\Tatiana Varlamova\.m2\repository\org\seleniumhq\selenium\selenium-java\3.141.59\selenium-java-3.141.59.jar;C:\Users\Tatiana Varlamova\.m2\repository\org\seleniumhq\selenium\selenium-api\3.141.59\selenium-api-3.141.59.jar;C:\Users\Tatiana Varlamova\.m2\repository\org\seleniumhq\selenium\selenium-chrome-driver\3.141.59\selenium-chrome-driver-3.141.59.jar;C:\Users\Tatiana Varlamova\.m2\repository\org\seleniumhq\selenium\selenium-edge-driver\3.141.59\selenium-edge-driver-3.141.59.jar;C:\Users\Tatiana Varlamova\.m2\repository\org\seleniumhq\selenium\selenium-firefox-driver\3.141.59\selenium-firefox-driver-3.141.59.jar;C:\Users\Tatiana Varlamova\.m2\repository\org\seleniumhq\selenium\selenium-ie-driver\3.141.59\selenium-ie-driver-3.141.59.jar;C:\Users\Tatiana Varlamova\.m2\repository\org\seleniumhq\selenium\selenium-opera-driver\3.141.59\selenium-opera-driver-3.141.59.jar;C:\Users\Tatiana Varlamova\.m2\repository\org\seleniumhq\selenium\selenium-remote-driver\3.141.59\selenium-remote-driver-3.141.59.jar;C:\Users\Tatiana Varlamova\.m2\repository\org\seleniumhq\selenium\selenium-safari-driver\3.141.59\selenium-safari-driver-3.141.59.jar;C:\Users\Tatiana Varlamova\.m2\repository\org\seleniumhq\selenium\selenium-support\3.141.59\selenium-support-3.141.59.jar;C:\Users\Tatiana Varlamova\.m2\repository\net\bytebuddy\byte-buddy\1.8.15\byte-buddy-1.8.15.jar;C:\Users\Tatiana Varlamova\.m2\repository\org\apache\commons\commons-exec\1.3\commons-exec-1.3.jar;C:\Users\Tatiana Varlamova\.m2\repository\com\google\guava\guava\25.0-jre\guava-25.0-jre.jar;C:\Users\Tatiana Varlamova\.m2\repository\com\google\code\findbugs\jsr305\1.3.9\jsr305-1.3.9.jar;C:\Users\Tatiana Varlamova\.m2\repository\org\checkerframework\checker-compat-qual\2.0.0\checker-compat-qual-2.0.0.jar;C:\Users\Tatiana Varlamova\.m2\repository\com\google\errorprone\error_prone_annotations\2.1.3\error_prone_annotations-2.1.3.jar;C:\Users\Tatiana Varlamova\.m2\repository\com\google\j2objc\j2objc-annotations\1.1\j2objc-annotations-1.1.jar;C:\Users\Tatiana Varlamova\.m2\repository\org\codehaus\mojo\animal-sniffer-annotations\1.14\animal-sniffer-annotations-1.14.jar;C:\Users\Tatiana Varlamova\.m2\repository\com\squareup\okhttp3\okhttp\3.11.0\okhttp-3.11.0.jar;C:\Users\Tatiana Varlamova\.m2\repository\com\squareup\okio\okio\1.14.0\okio-1.14.0.jar;C:\Users\Tatiana Varlamova\.m2\repository\org\testng\testng\7.3.0\testng-7.3.0.jar;C:\Users\Tatiana Varlamova\.m2\repository\com\beust\jcommander\1.78\jcommander-1.78.jar;C:\Users\Tatiana Varlamova\.m2\repository\org\apache\ant\ant\1.10.3\ant-1.10.3.jar;C:\Users\Tatiana Varlamova\.m2\repository\org\apache\ant\ant-launcher\1.10.3\ant-launcher-1.10.3.jar;C:\Users\Tatiana Varlamova\.m2\repository\junit\junit\4.12\junit-4.12.jar;C:\Users\Tatiana Varlamova\.m2\repository\org\hamcrest\hamcrest-core\1.3\hamcrest-core-1.3.jar;C:\Users\Tatiana Varlamova\.m2\repository\com\google\inject\guice\4.2.2\guice-4.2.2-no_aop.jar;C:\Users\Tatiana Varlamova\.m2\repository\javax\inject\javax.inject\1\javax.inject-1.jar;C:\Users\Tatiana Varlamova\.m2\repository\aopalliance\aopalliance\1.0\aopalliance-1.0.jar;C:\Users\Tatiana Varlamova\.m2\repository\org\yaml\snakeyaml\1.21\snakeyaml-1.21.jar;C:\Users\Tatiana Varlamova\.m2\repository\io\rest-assured\rest-assured\4.3.2\rest-assured-4.3.2.jar;C:\Users\Tatiana Varlamova\.m2\repository\org\codehaus\groovy\groovy\3.0.6\groovy-3.0.6.jar;C:\Users\Tatiana Varlamova\.m2\repository\org\codehaus\groovy\groovy-xml\3.0.6\groovy-xml-3.0.6.jar;C:\Users\Tatiana Varlamova\.m2\repository\org\apache\httpcomponents\httpclient\4.5.3\httpclient-4.5.3.jar;C:\Users\Tatiana Varlamova\.m2\repository\org\apache\httpcomponents\httpcore\4.4.6\httpcore-4.4.6.jar;C:\Users\Tatiana Varlamova\.m2\repository\commons-logging\commons-logging\1.2\commons-logging-1.2.jar;C:\Users\Tatiana Varlamova\.m2\repository\commons-codec\commons-codec\1.9\commons-codec-1.9.jar;C:\Users\Tatiana Varlamova\.m2\repository\org\apache\httpcomponents\httpmime\4.5.3\httpmime-4.5.3.jar;C:\Users\Tatiana Varlamova\.m2\repository\org\hamcrest\hamcrest\2.1\hamcrest-2.1.jar;C:\Users\Tatiana Varlamova\.m2\repository\org\ccil\cowan\tagsoup\tagsoup\1.2.1\tagsoup-1.2.1.jar;C:\Users\Tatiana Varlamova\.m2\repository\io\rest-assured\json-path\4.3.2\json-path-4.3.2.jar;C:\Users\Tatiana Varlamova\.m2\repository\org\codehaus\groovy\groovy-json\3.0.6\groovy-json-3.0.6.jar;C:\Users\Tatiana Varlamova\.m2\repository\io\rest-assured\rest-assured-common\4.3.2\rest-assured-common-4.3.2.jar;C:\Users\Tatiana Varlamova\.m2\repository\io\rest-assured\xml-path\4.3.2\xml-path-4.3.2.jar;C:\Users\Tatiana Varlamova\.m2\repository\jakarta\xml\bind\jakarta.xml.bind-api\2.3.3\jakarta.xml.bind-api-2.3.3.jar;C:\Users\Tatiana Varlamova\.m2\repository\jakarta\activation\jakarta.activation-api\1.2.2\jakarta.activation-api-1.2.2.jar;C:\Users\Tatiana Varlamova\.m2\repository\com\sun\xml\bind\jaxb-impl\2.3.3\jaxb-impl-2.3.3.jar;C:\Users\Tatiana Varlamova\.m2\repository\io\appium\java-client\7.4.0\java-client-7.4.0.jar;C:\Users\Tatiana Varlamova\.m2\repository\com\google\code\gson\gson\2.8.6\gson-2.8.6.jar;C:\Users\Tatiana Varlamova\.m2\repository\cglib\cglib\3.3.0\cglib-3.3.0.jar;C:\Users\Tatiana Varlamova\.m2\repository\org\ow2\asm\asm\7.1\asm-7.1.jar;C:\Users\Tatiana Varlamova\.m2\repository\commons-validator\commons-validator\1.7\commons-validator-1.7.jar;C:\Users\Tatiana Varlamova\.m2\repository\commons-beanutils\commons-beanutils\1.9.4\commons-beanutils-1.9.4.jar;C:\Users\Tatiana Varlamova\.m2\repository\commons-digester\commons-digester\2.1\commons-digester-2.1.jar;C:\Users\Tatiana Varlamova\.m2\repository\commons-collections\commons-collections\3.2.2\commons-collections-3.2.2.jar;C:\Users\Tatiana Varlamova\.m2\repository\org\apache\commons\commons-lang3\3.11\commons-lang3-3.11.jar;C:\Users\Tatiana Varlamova\.m2\repository\commons-io\commons-io\2.8.0\commons-io-2.8.0.jar;C:\Users\Tatiana Varlamova\.m2\repository\org\springframework\spring-context\5.3.0\spring-context-5.3.0.jar;C:\Users\Tatiana Varlamova\.m2\repository\org\springframework\spring-aop\5.3.0\spring-aop-5.3.0.jar;C:\Users\Tatiana Varlamova\.m2\repository\org\springframework\spring-beans\5.3.0\spring-beans-5.3.0.jar;C:\Users\Tatiana Varlamova\.m2\repository\org\springframework\spring-core\5.3.0\spring-core-5.3.0.jar;C:\Users\Tatiana Varlamova\.m2\repository\org\springframework\spring-jcl\5.3.0\spring-jcl-5.3.0.jar;C:\Users\Tatiana Varlamova\.m2\repository\org\springframework\spring-expression\5.3.0\spring-expression-5.3.0.jar;C:\Users\Tatiana Varlamova\.m2\repository\org\aspectj\aspectjweaver\1.9.6\aspectjweaver-1.9.6.jar;C:\Users\Tatiana Varlamova\.m2\repository\org\slf4j\slf4j-api\1.7.30\slf4j-api-1.7.30.jar;"/>
    <property name="java.vm.vendor" value="Oracle Corporation"/>
    <property name="sun.arch.data.model" value="64"/>
    <property name="user.variant" value=""/>
    <property name="java.vendor.url" value="https://java.oracle.com/"/>
    <property name="user.timezone" value="America/Winnipeg"/>
    <property name="os.name" value="Windows 10"/>
    <property name="java.vm.specification.version" value="14"/>
    <property name="sun.java.launcher" value="SUN_STANDARD"/>
    <property name="user.country" value="US"/>
    <property name="sun.boot.library.path" value="C:\Program Files\Java\jdk-14.0.2\bin"/>
    <property name="sun.java.command" value="C:\Users\Tatiana Varlamova\AppData\Local\Temp\surefire5106009793536373161\surefirebooter5378018048861931871.jar C:\Users\Tatiana Varlamova\AppData\Local\Temp\surefire5106009793536373161 2020-11-27T15-37-28_678-jvmRun1 surefire12230563091661699812tmp surefire_014727269192458277368tmp"/>
    <property name="jdk.debug" value="release"/>
    <property name="test" value="AppiumTest"/>
    <property name="surefire.test.class.path" value="C:\Users\Tatiana Varlamova\eclipse-workspaceNew\Mavenjava\target\test-classes;C:\Users\Tatiana Varlamova\eclipse-workspaceNew\Mavenjava\target\classes;C:\Users\Tatiana Varlamova\.m2\repository\org\seleniumhq\selenium\selenium-java\3.141.59\selenium-java-3.141.59.jar;C:\Users\Tatiana Varlamova\.m2\repository\org\seleniumhq\selenium\selenium-api\3.141.59\selenium-api-3.141.59.jar;C:\Users\Tatiana Varlamova\.m2\repository\org\seleniumhq\selenium\selenium-chrome-driver\3.141.59\selenium-chrome-driver-3.141.59.jar;C:\Users\Tatiana Varlamova\.m2\repository\org\seleniumhq\selenium\selenium-edge-driver\3.141.59\selenium-edge-driver-3.141.59.jar;C:\Users\Tatiana Varlamova\.m2\repository\org\seleniumhq\selenium\selenium-firefox-driver\3.141.59\selenium-firefox-driver-3.141.59.jar;C:\Users\Tatiana Varlamova\.m2\repository\org\seleniumhq\selenium\selenium-ie-driver\3.141.59\selenium-ie-driver-3.141.59.jar;C:\Users\Tatiana Varlamova\.m2\repository\org\seleniumhq\selenium\selenium-opera-driver\3.141.59\selenium-opera-driver-3.141.59.jar;C:\Users\Tatiana Varlamova\.m2\repository\org\seleniumhq\selenium\selenium-remote-driver\3.141.59\selenium-remote-driver-3.141.59.jar;C:\Users\Tatiana Varlamova\.m2\repository\org\seleniumhq\selenium\selenium-safari-driver\3.141.59\selenium-safari-driver-3.141.59.jar;C:\Users\Tatiana Varlamova\.m2\repository\org\seleniumhq\selenium\selenium-support\3.141.59\selenium-support-3.141.59.jar;C:\Users\Tatiana Varlamova\.m2\repository\net\bytebuddy\byte-buddy\1.8.15\byte-buddy-1.8.15.jar;C:\Users\Tatiana Varlamova\.m2\repository\org\apache\commons\commons-exec\1.3\commons-exec-1.3.jar;C:\Users\Tatiana Varlamova\.m2\repository\com\google\guava\guava\25.0-jre\guava-25.0-jre.jar;C:\Users\Tatiana Varlamova\.m2\repository\com\google\code\findbugs\jsr305\1.3.9\jsr305-1.3.9.jar;C:\Users\Tatiana Varlamova\.m2\repository\org\checkerframework\checker-compat-qual\2.0.0\checker-compat-qual-2.0.0.jar;C:\Users\Tatiana Varlamova\.m2\repository\com\google\errorprone\error_prone_annotations\2.1.3\error_prone_annotations-2.1.3.jar;C:\Users\Tatiana Varlamova\.m2\repository\com\google\j2objc\j2objc-annotations\1.1\j2objc-annotations-1.1.jar;C:\Users\Tatiana Varlamova\.m2\repository\org\codehaus\mojo\animal-sniffer-annotations\1.14\animal-sniffer-annotations-1.14.jar;C:\Users\Tatiana Varlamova\.m2\repository\com\squareup\okhttp3\okhttp\3.11.0\okhttp-3.11.0.jar;C:\Users\Tatiana Varlamova\.m2\repository\com\squareup\okio\okio\1.14.0\okio-1.14.0.jar;C:\Users\Tatiana Varlamova\.m2\repository\org\testng\testng\7.3.0\testng-7.3.0.jar;C:\Users\Tatiana Varlamova\.m2\repository\com\beust\jcommander\1.78\jcommander-1.78.jar;C:\Users\Tatiana Varlamova\.m2\repository\org\apache\ant\ant\1.10.3\ant-1.10.3.jar;C:\Users\Tatiana Varlamova\.m2\repository\org\apache\ant\ant-launcher\1.10.3\ant-launcher-1.10.3.jar;C:\Users\Tatiana Varlamova\.m2\repository\junit\junit\4.12\junit-4.12.jar;C:\Users\Tatiana Varlamova\.m2\repository\org\hamcrest\hamcrest-core\1.3\hamcrest-core-1.3.jar;C:\Users\Tatiana Varlamova\.m2\repository\com\google\inject\guice\4.2.2\guice-4.2.2-no_aop.jar;C:\Users\Tatiana Varlamova\.m2\repository\javax\inject\javax.inject\1\javax.inject-1.jar;C:\Users\Tatiana Varlamova\.m2\repository\aopalliance\aopalliance\1.0\aopalliance-1.0.jar;C:\Users\Tatiana Varlamova\.m2\repository\org\yaml\snakeyaml\1.21\snakeyaml-1.21.jar;C:\Users\Tatiana Varlamova\.m2\repository\io\rest-assured\rest-assured\4.3.2\rest-assured-4.3.2.jar;C:\Users\Tatiana Varlamova\.m2\repository\org\codehaus\groovy\groovy\3.0.6\groovy-3.0.6.jar;C:\Users\Tatiana Varlamova\.m2\repository\org\codehaus\groovy\groovy-xml\3.0.6\groovy-xml-3.0.6.jar;C:\Users\Tatiana Varlamova\.m2\repository\org\apache\httpcomponents\httpclient\4.5.3\httpclient-4.5.3.jar;C:\Users\Tatiana Varlamova\.m2\repository\org\apache\httpcomponents\httpcore\4.4.6\httpcore-4.4.6.jar;C:\Users\Tatiana Varlamova\.m2\repository\commons-logging\commons-logging\1.2\commons-logging-1.2.jar;C:\Users\Tatiana Varlamova\.m2\repository\commons-codec\commons-codec\1.9\commons-codec-1.9.jar;C:\Users\Tatiana Varlamova\.m2\repository\org\apache\httpcomponents\httpmime\4.5.3\httpmime-4.5.3.jar;C:\Users\Tatiana Varlamova\.m2\repository\org\hamcrest\hamcrest\2.1\hamcrest-2.1.jar;C:\Users\Tatiana Varlamova\.m2\repository\org\ccil\cowan\tagsoup\tagsoup\1.2.1\tagsoup-1.2.1.jar;C:\Users\Tatiana Varlamova\.m2\repository\io\rest-assured\json-path\4.3.2\json-path-4.3.2.jar;C:\Users\Tatiana Varlamova\.m2\repository\org\codehaus\groovy\groovy-json\3.0.6\groovy-json-3.0.6.jar;C:\Users\Tatiana Varlamova\.m2\repository\io\rest-assured\rest-assured-common\4.3.2\rest-assured-common-4.3.2.jar;C:\Users\Tatiana Varlamova\.m2\repository\io\rest-assured\xml-path\4.3.2\xml-path-4.3.2.jar;C:\Users\Tatiana Varlamova\.m2\repository\jakarta\xml\bind\jakarta.xml.bind-api\2.3.3\jakarta.xml.bind-api-2.3.3.jar;C:\Users\Tatiana Varlamova\.m2\repository\jakarta\activation\jakarta.activation-api\1.2.2\jakarta.activation-api-1.2.2.jar;C:\Users\Tatiana Varlamova\.m2\repository\com\sun\xml\bind\jaxb-impl\2.3.3\jaxb-impl-2.3.3.jar;C:\Users\Tatiana Varlamova\.m2\repository\io\appium\java-client\7.4.0\java-client-7.4.0.jar;C:\Users\Tatiana Varlamova\.m2\repository\com\google\code\gson\gson\2.8.6\gson-2.8.6.jar;C:\Users\Tatiana Varlamova\.m2\repository\cglib\cglib\3.3.0\cglib-3.3.0.jar;C:\Users\Tatiana Varlamova\.m2\repository\org\ow2\asm\asm\7.1\asm-7.1.jar;C:\Users\Tatiana Varlamova\.m2\repository\commons-validator\commons-validator\1.7\commons-validator-1.7.jar;C:\Users\Tatiana Varlamova\.m2\repository\commons-beanutils\commons-beanutils\1.9.4\commons-beanutils-1.9.4.jar;C:\Users\Tatiana Varlamova\.m2\repository\commons-digester\commons-digester\2.1\commons-digester-2.1.jar;C:\Users\Tatiana Varlamova\.m2\repository\commons-collections\commons-collections\3.2.2\commons-collections-3.2.2.jar;C:\Users\Tatiana Varlamova\.m2\repository\org\apache\commons\commons-lang3\3.11\commons-lang3-3.11.jar;C:\Users\Tatiana Varlamova\.m2\repository\commons-io\commons-io\2.8.0\commons-io-2.8.0.jar;C:\Users\Tatiana Varlamova\.m2\repository\org\springframework\spring-context\5.3.0\spring-context-5.3.0.jar;C:\Users\Tatiana Varlamova\.m2\repository\org\springframework\spring-aop\5.3.0\spring-aop-5.3.0.jar;C:\Users\Tatiana Varlamova\.m2\repository\org\springframework\spring-beans\5.3.0\spring-beans-5.3.0.jar;C:\Users\Tatiana Varlamova\.m2\repository\org\springframework\spring-core\5.3.0\spring-core-5.3.0.jar;C:\Users\Tatiana Varlamova\.m2\repository\org\springframework\spring-jcl\5.3.0\spring-jcl-5.3.0.jar;C:\Users\Tatiana Varlamova\.m2\repository\org\springframework\spring-expression\5.3.0\spring-expression-5.3.0.jar;C:\Users\Tatiana Varlamova\.m2\repository\org\aspectj\aspectjweaver\1.9.6\aspectjweaver-1.9.6.jar;C:\Users\Tatiana Varlamova\.m2\repository\org\slf4j\slf4j-api\1.7.30\slf4j-api-1.7.30.jar;"/>
    <property name="sun.cpu.endian" value="little"/>
    <property name="user.home" value="C:\Users\Tatiana Varlamova"/>
    <property name="user.language" value="en"/>
    <property name="java.specification.vendor" value="Oracle Corporation"/>
    <property name="java.version.date" value="2020-07-14"/>
    <property name="java.home" value="C:\Program Files\Java\jdk-14.0.2"/>
    <property name="file.separator" value="\"/>
    <property name="basedir" value="C:\Users\Tatiana Varlamova\eclipse-workspaceNew\Mavenjava"/>
    <property name="java.vm.compressedOopsMode" value="Zero based"/>
    <property name="line.separator" value="&#10;"/>
    <property name="java.vm.specification.vendor" value="Oracle Corporation"/>
    <property name="java.specification.name" value="Java Platform API Specification"/>
    <property name="surefire.real.class.path" value="C:\Users\Tatiana Varlamova\AppData\Local\Temp\surefire5106009793536373161\surefirebooter5378018048861931871.jar"/>
    <property name="user.script" value=""/>
    <property name="sun.management.compiler" value="HotSpot 64-Bit Tiered Compilers"/>
    <property name="java.runtime.version" value="14.0.2+12-46"/>
    <property name="user.name" value="Tatiana Varlamova"/>
    <property name="path.separator" value=";"/>
    <property name="os.version" value="10.0"/>
    <property name="java.runtime.name" value="Java(TM) SE Runtime Environment"/>
    <property name="file.encoding" value="Cp1252"/>
    <property name="java.vm.name" value="Java HotSpot(TM) 64-Bit Server VM"/>
    <property name="localRepository" value="C:\Users\Tatiana Varlamova\.m2\repository"/>
    <property name="java.vendor.url.bug" value="https://bugreport.java.com/bugreport/"/>
    <property name="java.io.tmpdir" value="C:\Users\TATIAN~1\AppData\Local\Temp\"/>
    <property name="java.version" value="14.0.2"/>
    <property name="user.dir" value="C:\Users\Tatiana Varlamova\eclipse-workspaceNew\Mavenjava"/>
    <property name="os.arch" value="amd64"/>
    <property name="java.vm.specification.name" value="Java Virtual Machine Specification"/>
    <property name="sun.os.patch.level" value=""/>
    <property name="java.library.path" value="C:\Program Files\Java\jdk-14.0.2\bin;C:\WINDOWS\Sun\Java\bin;C:\WINDOWS\system32;C:\WINDOWS;C:\WINDOWS\system32;C:\WINDOWS;C:\WINDOWS\System32\Wbem;C:\WINDOWS\System32\WindowsPowerShell\v1.0\;C:\Program Files\Lenovo\Fingerprint Manager Pro\;C:\ProgramData\Lenovo\ReadyApps;C:\WINDOWS\System32\OpenSSH\;C:\Program Files (x86)\Microsoft SQL Server\Client SDK\ODBC\130\Tools\Binn\;C:\Program Files (x86)\Microsoft SQL Server\140\Tools\Binn\;C:\Program Files (x86)\Microsoft SQL Server\140\DTS\Binn\;C:\Program Files (x86)\Microsoft SQL Server\140\Tools\Binn\ManagementStudio\;C:\Program Files\SQL Anywhere 12\bin64;C:\Program Files\SQL Anywhere 12\bin32;C:\Program Files\Intel\WiFi\bin\;C:\Program Files\Common Files\Intel\WirelessCommon\;C:\Program Files\nodejs\;C:\Program Files\Java\jdk-14.0.2\bin;C:\Users\Tatiana Varlamova\Documents\Selenium\apache-maven-3.6.3-bin\apache-maven-3.6.3\bin;C:\Users\Tatiana Varlamova\AppData\Local\Microsoft\WindowsApps;C:\Users\Tatiana Varlamova\AppData\Local\atom\bin;C:\Users\Tatiana Varlamova\AppData\Local\Microsoft\WindowsApps;C:\Users\Tatiana Varlamova\AppData\Roaming\npm;;."/>
    <property name="java.vm.info" value="mixed mode, sharing"/>
    <property name="java.vendor" value="Oracle Corporation"/>
    <property name="java.vm.version" value="14.0.2+12-46"/>
    <property name="sun.io.unicode.encoding" value="UnicodeLittle"/>
    <property name="java.class.version" value="58.0"/>
  </properties>
  <testcase name="IOSApps" classname="qaclickacademy.Mavenjava.AppiumTest" time="0.007">
    <system-out><![CDATA[IOSApps
]]></system-out>
  </testcase>
  <testcase name="NativeAPAndroid" classname="qaclickacademy.Mavenjava.AppiumTest" time="0.001">
    <system-out><![CDATA[NativeAPAndroid
]]></system-out>
  </testcase>
</testsuite>