<?xml version="1.0" encoding="UTF-8"?>
<!-- Generated by org.testng.reporters.JUnitReportReporter -->
<testsuite hostname="NORIMA-BOSNIA" failures="0" tests="2" name="qaclickacademy.Mavenjava.AppiumTest" time="0.002" errors="0" timestamp="2020-11-27T16:19:13 CST" skipped="0">
  <testcase classname="qaclickacademy.Mavenjava.AppiumTest" name="NativeAPAndroid" time="0.002"/>
  <system-out/>
  <testcase classname="qaclickacademy.Mavenjava.AppiumTest" name="IOSApps" time="0.000"/>
  <system-out/>
</testsuite> <!-- qaclickacademy.Mavenjava.AppiumTest -->
