<?xml version="1.0" encoding="UTF-8"?>
<!-- Generated by org.testng.reporters.JUnitReportReporter -->
<testsuite hostname="NORIMA-BOSNIA" failures="0" tests="2" name="qaclickacademy.Mavenjava.RESRAPITest" time="0.007" errors="0" timestamp="2020-11-27T16:19:13 CST" skipped="0">
  <testcase classname="qaclickacademy.Mavenjava.RESRAPITest" name="deleteTwitter" time="0.006"/>
  <system-out/>
  <testcase classname="qaclickacademy.Mavenjava.RESRAPITest" name="postJira" time="0.001"/>
  <system-out/>
</testsuite> <!-- qaclickacademy.Mavenjava.RESRAPITest -->
